<?xml version="1.0" encoding="UTF-8"?>
<testsuite xmlns:xsi="http://www.w3.org/2001/XMLSchema-instance" xsi:noNamespaceSchemaLocation="https://maven.apache.org/surefire/maven-surefire-plugin/xsd/surefire-test-report-3.0.xsd" version="3.0" name="testHangmanGame" time="0.139" tests="16" errors="3" skipped="0" failures="0">
  <properties>
[...]
</properties>
  <testcase name="testCompareWordsFail{String, String}[1]" classname="testHangmanGame" time="0.036"/>
  <testcase name="testCompareWordsFail{String, String}[2]" classname="testHangmanGame" time="0"/>
  <testcase name="testCompareWordsFail{String, String}[3]" classname="testHangmanGame" time="0.001"/>
  <testcase name="testAddWordToBankSucces{String}[1]" classname="testHangmanGame" time="0.002"/>
  <testcase name="testAddWordToBankSucces{String}[2]" classname="testHangmanGame" time="0"/>
  <testcase name="testAddWordToBankSucces{String}[3]" classname="testHangmanGame" time="0.001"/>
  <testcase name="testAddWordToBankSucces{String}[4]" classname="testHangmanGame" time="0.001"/>
  <testcase name="testReadBankSucces{String}[1]" classname="testHangmanGame" time="0.002"/>
  <testcase name="testAddWordToBankFail{String}[1]" classname="testHangmanGame" time="0.001"/>
  <testcase name="testAddWordToBankFail{String}[2]" classname="testHangmanGame" time="0.001"/>
  <testcase name="testCompareWordsSucces{String, String}[1]" classname="testHangmanGame" time="0"/>
  <testcase name="testCompareWordsSucces{String, String}[2]" classname="testHangmanGame" time="0.001"/>
  <testcase name="testCompareWordsSucces{String, String}[3]" classname="testHangmanGame" time="0.001"/>
  <testcase name="testReadBankFail{String}[1]" classname="testHangmanGame" time="0.012">
    <error message="class testHangmanGame (in unnamed module @0x3f191845) cannot access class pl.polsl.lab.mateusz.plonka.exception.HangmanException (in module pl.polsl.lab.mateusz.plonka) because module pl.polsl.lab.mateusz.plonka does not export pl.polsl.lab.mateusz.plonka.exception to unnamed module @0x3f191845" type="java.lang.IllegalAccessError">java.lang.IllegalAccessError: class testHangmanGame (in unnamed module @0x3f191845) cannot access class pl.polsl.lab.mateusz.plonka.exception.HangmanException (in module pl.polsl.lab.mateusz.plonka) because module pl.polsl.lab.mateusz.plonka does not export pl.polsl.lab.mateusz.plonka.exception to unnamed module @0x3f191845
	at testHangmanGame.testReadBankFail(testHangmanGame.java:34)
</error>
  </testcase>
  <testcase name="testReadBankFail{String}[2]" classname="testHangmanGame" time="0.001">
    <error message="class testHangmanGame (in unnamed module @0x3f191845) cannot access class pl.polsl.lab.mateusz.plonka.exception.HangmanException (in module pl.polsl.lab.mateusz.plonka) because module pl.polsl.lab.mateusz.plonka does not export pl.polsl.lab.mateusz.plonka.exception to unnamed module @0x3f191845" type="java.lang.IllegalAccessError">java.lang.IllegalAccessError: class testHangmanGame (in unnamed module @0x3f191845) cannot access class pl.polsl.lab.mateusz.plonka.exception.HangmanException (in module pl.polsl.lab.mateusz.plonka) because module pl.polsl.lab.mateusz.plonka does not export pl.polsl.lab.mateusz.plonka.exception to unnamed module @0x3f191845
	at testHangmanGame.testReadBankFail(testHangmanGame.java:34)
</error>
  </testcase>
  <testcase name="testReadBankFail{String}[3]" classname="testHangmanGame" time="0.002">
    <error message="class testHangmanGame (in unnamed module @0x3f191845) cannot access class pl.polsl.lab.mateusz.plonka.exception.HangmanException (in module pl.polsl.lab.mateusz.plonka) because module pl.polsl.lab.mateusz.plonka does not export pl.polsl.lab.mateusz.plonka.exception to unnamed module @0x3f191845" type="java.lang.IllegalAccessError">java.lang.IllegalAccessError: class testHangmanGame (in unnamed module @0x3f191845) cannot access class pl.polsl.lab.mateusz.plonka.exception.HangmanException (in module pl.polsl.lab.mateusz.plonka) because module pl.polsl.lab.mateusz.plonka does not export pl.polsl.lab.mateusz.plonka.exception to unnamed module @0x3f191845
	at testHangmanGame.testReadBankFail(testHangmanGame.java:34)
</error>
  </testcase>
</testsuite>